Case #1: -100000
-100000
-100000
-100000
-100000
-100000
-100000
-100000
-100000
-100000
-100000
-100000
-100000
-100000
-100000
-100000
-100000
-100000
-100000
-100000
-100000
-100000
-100000
-100000
-100000
-100000
-100000
-100000
-100000
-100000
-100000
-100000
-99999
-99999
-99999
-99999
-99999
-99999
-99999
-99999
-99999
-99999
-99999
-99999
-99999
-99999
-99999
-99999
-99999
-99999
-99999
-99999
-99999
-99999
-99999
-99999
-99999
-99999
-99999
-99999
-99999
-99999
-99999
-99999
-99999
-99999
-99999
-99999
-99999
-99999
-99999
-99999
-99999
-99999
-99999
-99999
-99999
-99999
-99999
-99999
-99999
-99999
-99999
-99998
-99998
-99998
-99998
-99998
-99998
-99998
-99998
-99998
-99998
-99998
-99998
-99998
-99998
-99998
-99998
-99998
-99998
-99998
-99998
-99998
-99998
-99998
-99998
-99998
-99998
-99998
-99998
-99997
-99997
-99997
-99997
-99997
-99997
-99997
-99997
-99997
-99997
-99997
-99997
-99997
-99997
-99997
-99997
-99997
-99997
-99997
-99997
-99997
-99997
-99997
-99997
-99997
-99996
-99996
-99996
-99996
-99996
-99996
-99996
-99996
-99996
-99996
-99996
-99996
-99996
-99996
-99996
-99996
-99996
-99996
-99996
-99996
-99996
-99996
-99996
-99996
-99996
-99996
-99996
-99996
-99996
-99996
-99996
-99996
-99996
-99996
-99996
-99996
-99995
-99995
-99995
-99995
-99995
-99995
-99995
-99995
-99995
-99995
-99995
-99995
-99995
-99995
-99995
-99995
-99995
-99995
-99995
-99995
-99995
-99995
-99995
-99995
-99995
-99995
-99995
-99995
-99995
-99995
-99995
-99995
-99995
-99995
-99995
-99994
-99994
-99994
-99994
-99994
-99994
-99994
-99994
-99994
-99994
-99994
-99994
-99994
-99994
-99994
-99994
-99994
-99994
-99994
-99994
-99994
-99994
-99994
-99994
-99994
-99994
-99994
-99994
-99994
-99994
-99994
-99994
-99994
-99994
-99993
-99993
-99993
-99993
-99993
-99993
-99993
-99993
-99993
-99993
-99993
-99993
-99993
-99993
-99993
-99993
-99993
-99993
-99993
-99993
-99993
-99993
-99993
-99993
-99993
-99993
-99993
-99993
-99993
-99993
-99993
-99993
-99993
-99993
-99993
-99993
-99993
-99993
-99993
-99993
-99993
-99992
-99992
-99992
-99992
-99992
-99992
-99992
-99992
-99992
-99992
-99992
-99992
-99992
-99992
-99992
-99992
-99992
-99992
-99992
-99992
-99992
-99992
-99992
-99992
-99992
-99992
-99992
-99992
-99992
-99992
-99992
-99992
-99992
-99992
-99992
-99992
-99991
-99991
-99991
-99991
-99991
-99991
-99991
-99991
-99991
-99991
-99991
-99991
-99991
-99991
-99991
-99991
-99991
-99991
-99991
-99991
-99991
-99991
-99991
-99991
-99991
-99991
-99991
-99991
-99991
-99991
-99991
-99991
-99991
-99991
-99991
-99990
-99990
-99990
-99990
-99990
-99990
-99990
-99990
-99990
-99990
-99990
-99990
-99990
-99990
-99990
-99990
-99990
-99990
-99990
-99990
-99990
-99990
-99990
-99990
-99990
-99990
-99990
-99990
-99990
-99990
-99990
-99990
-99990
-99990
-99990
-99990
-99990
99990
99990
99990
99990
99990
99990
99990
99990
99990
99990
99990
99990
99990
99990
99990
99990
99990
99990
99990
99990
99990
99990
99990
99990
99990
99990
99990
99990
99990
99990
99990
99990
99990
99990
99990
99990
99990
99990
99990
99990
99990
99990
99990
99990
99990
99990
99990
99990
99991
99991
99991
99991
99991
99991
99991
99991
99991
99991
99991
99991
99991
99991
99991
99991
99991
99991
99991
99991
99991
99991
99991
99991
99991
99991
99991
99991
99991
99991
99991
99991
99991
99991
99991
99991
99991
99991
99991
99991
99991
99991
99991
99992
99992
99992
99992
99992
99992
99992
99992
99992
99992
99992
99992
99992
99992
99992
99992
99992
99992
99992
99992
99992
99992
99992
99992
99992
99992
99992
99992
99992
99992
99992
99992
99992
99992
99992
99993
99993
99993
99993
99993
99993
99993
99993
99993
99993
99993
99993
99993
99993
99993
99993
99993
99993
99993
99993
99993
99993
99993
99993
99993
99993
99993
99993
99993
99993
99993
99993
99993
99993
99993
99993
99994
99994
99994
99994
99994
99994
99994
99994
99994
99994
99994
99994
99994
99994
99994
99994
99994
99994
99994
99994
99994
99994
99994
99994
99994
99994
99994
99994
99994
99994
99994
99994
99994
99994
99994
99994
99994
99994
99994
99994
99994
99994
99994
99994
99994
99994
99994
99994
99995
99995
99995
99995
99995
99995
99995
99995
99995
99995
99995
99995
99995
99995
99995
99995
99995
99995
99995
99995
99995
99995
99995
99995
99995
99995
99995
99995
99995
99995
99995
99995
99995
99995
99995
99995
99995
99995
99996
99996
99996
99996
99996
99996
99996
99996
99996
99996
99996
99996
99996
99996
99996
99996
99996
99996
99996
99996
99996
99996
99996
99996
99996
99996
99996
99997
99997
99997
99997
99997
99997
99997
99997
99997
99997
99997
99997
99997
99997
99997
99997
99997
99997
99997
99997
99997
99997
99997
99997
99997
99997
99997
99997
99997
99997
99997
99997
99998
99998
99998
99998
99998
99998
99998
99998
99998
99998
99998
99998
99998
99998
99998
99998
99998
99998
99998
99998
99998
99998
99998
99998
99998
99999
99999
99999
99999
99999
99999
99999
99999
99999
99999
99999
99999
99999
99999
99999
99999
99999
99999
99999
99999
99999
99999
99999
99999
99999
99999
99999
99999
99999
99999
99999
99999
99999
99999
100000
100000
100000
100000
100000
100000
100000
100000
100000
100000
100000
100000
100000
100000
100000
100000
100000
100000
100000
100000
100000
100000
100000
100000
100000
100000
100000
100000
100000
100000
100000
100000
100000
100000
100000
100000
100000
100000
100000
100000
100000
100000
100000
100000
-100000
-100000
-100000
-100000
-100000
-100000
-100000
-100000
-100000
-100000
-100000
-100000
-100000
-100000
-100000
-100000
-100000
-100000
-100000
-100000
-100000
-100000
-100000
-100000
-100000
-100000
-100000
-100000
-100000
-100000
-100000
-100000
-100000
-99999
-99999
-99999
-99999
-99999
-99999
-99999
-99999
-99999
-99999
-99999
-99999
-99999
-99999
-99999
-99999
-99999
-99999
-99999
-99999
-99999
-99999
-99999
-99999
-99999
-99999
-99999
-99999
-99999
-99999
-99999
-99999
-99998
-99998
-99998
-99998
-99998
-99998
-99998
-99998
-99998
-99998
-99998
-99998
-99998
-99998
-99998
-99998
-99998
-99998
-99998
-99998
-99998
-99998
-99998
-99998
-99998
-99998
-99998
-99998
-99998
-99998
-99998
-99998
-99998
-99998
-99998
-99998
-99998
-99998
-99998
-99998
-99998
-99998
-99998
-99997
-99997
-99997
-99997
-99997
-99997
-99997
-99997
-99997
-99997
-99997
-99997
-99997
-99997
-99997
-99997
-99997
-99997
-99997
-99997
-99997
-99997
-99997
-99997
-99997
-99997
-99997
-99997
-99997
-99997
-99997
-99997
-99997
-99997
-99997
-99996
-99996
-99996
-99996
-99996
-99996
-99996
-99996
-99996
-99996
-99996
-99996
-99996
-99996
-99996
-99996
-99996
-99996
-99996
-99996
-99996
-99996
-99996
-99996
-99996
-99996
-99996
-99996
-99996
-99996
-99996
-99996
-99996
-99996
-99996
-99996
-99996
-99995
-99995
-99995
-99995
-99995
-99995
-99995
-99995
-99995
-99995
-99995
-99995
-99995
-99995
-99995
-99995
-99995
-99995
-99995
-99995
-99995
-99995
-99995
-99995
-99995
-99995
-99995
-99995
-99995
-99995
-99995
-99995
-99995
-99995
-99995
-99995
-99995
-99995
-99995
-99994
-99994
-99994
-99994
-99994
-99994
-99994
-99994
-99994
-99994
-99994
-99994
-99994
-99994
-99994
-99994
-99994
-99994
-99994
-99994
-99994
-99994
-99994
-99994
-99994
-99994
-99994
-99994
-99994
-99994
-99994
-99994
-99994
-99994
-99994
-99994
-99994
-99993
-99993
-99993
-99993
-99993
-99993
-99993
-99993
-99993
-99993
-99993
-99993
-99993
-99993
-99993
-99993
-99993
-99993
-99993
-99993
-99993
-99993
-99993
-99993
-99993
-99993
-99993
-99993
-99993
-99993
-99993
-99993
-99993
-99993
-99993
-99993
-99993
-99993
-99993
-99993
-99992
-99992
-99992
-99992
-99992
-99992
-99992
-99992
-99992
-99992
-99992
-99992
-99992
-99992
-99992
-99992
-99992
-99992
-99992
-99992
-99992
-99992
-99992
-99992
-99992
-99992
-99992
-99992
-99992
-99992
-99992
-99992
-99992
-99992
-99992
-99992
-99992
-99992
-99992
-99992
-99992
-99991
-99991
-99991
-99991
-99991
-99991
-99991
-99991
-99991
-99991
-99991
-99991
-99991
-99991
-99991
-99991
-99991
-99991
-99991
-99991
-99991
-99991
-99991
-99991
-99991
-99991
-99991
-99991
-99991
-99991
-99991
-99991
-99991
-99991
-99991
-99991
-99991
-99991
-99991
-99991
-99991
-99991
-99991
-99991
-99991
-99990
-99990
-99990
-99990
-99990
-99990
-99990
-99990
-99990
-99990
-99990
-99990
-99990
-99990
-99990
-99990
-99990
-99990
-99990
-99990
-99990
-99990
-99990
-99990
-99990
-99990
-99990
-99990
-99990
-99990
-99990
-99990
-99990
-99990
-99990
-99990
99990
99990
99990
99990
99990
99990
99990
99990
99990
99990
99990
99990
99990
99990
99990
99990
99990
99990
99990
99990
99990
99990
99990
99990
99990
99990
99990
99990
99990
99990
99990
99990
99990
99990
99990
99990
99990
99990
99990
99990
99990
99990
99990
99990
99990
99990
99990
99991
99991
99991
99991
99991
99991
99991
99991
99991
99991
99991
99991
99991
99991
99991
99991
99991
99991
99991
99991
99991
99991
99991
99991
99991
99991
99991
99991
99991
99991
99991
99991
99991
99991
99991
99991
99991
99991
99992
99992
99992
99992
99992
99992
99992
99992
99992
99992
99992
99992
99992
99992
99992
99992
99992
99992
99992
99992
99992
99992
99992
99992
99992
99992
99992
99992
99993
99993
99993
99993
99993
99993
99993
99993
99993
99993
99993
99993
99993
99993
99993
99993
99993
99993
99993
99993
99993
99993
99993
99993
99993
99993
99993
99994
99994
99994
99994
99994
99994
99994
99994
99994
99994
99994
99994
99994
99994
99994
99994
99994
99994
99994
99994
99994
99994
99994
99994
99994
99994
99994
99994
99994
99994
99994
99994
99994
99994
99994
99994
99994
99994
99994
99995
99995
99995
99995
99995
99995
99995
99995
99995
99995
99995
99995
99995
99995
99995
99995
99995
99995
99995
99995
99995
99995
99995
99995
99995
99995
99995
99995
99995
99995
99995
99995
99995
99995
99995
99995
99995
99995
99996
99996
99996
99996
99996
99996
99996
99996
99996
99996
99996
99996
99996
99996
99996
99996
99996
99996
99996
99996
99996
99996
99996
99996
99996
99996
99996
99996
99996
99996
99996
99996
99996
99996
99996
99996
99997
99997
99997
99997
99997
99997
99997
99997
99997
99997
99997
99997
99997
99997
99997
99997
99997
99997
99997
99997
99997
99997
99997
99997
99997
99997
99997
99997
99997
99997
99997
99997
99997
99997
99997
99997
99997
99997
99997
99997
99997
99997
99998
99998
99998
99998
99998
99998
99998
99998
99998
99998
99998
99998
99998
99998
99998
99998
99998
99998
99998
99998
99998
99998
99998
99998
99998
99998
99998
99998
99998
99998
99998
99999
99999
99999
99999
99999
99999
99999
99999
99999
99999
99999
99999
99999
99999
99999
99999
99999
99999
99999
99999
99999
99999
99999
99999
99999
99999
100000
100000
100000
100000
100000
100000
100000
100000
100000
100000
100000
100000
100000
100000
100000
100000
100000
100000
100000
100000
100000
100000
100000
100000
100000
100000
100000
100000
100000
100000
-886912736
Case #2: 99990
99990
99990
99990
99990
99990
99990
99990
99990
99990
99990
99990
99990
99990
99990
99990
99990
99990
99990
99990
99990
99990
99990
99990
99990
99990
99990
99990
99990
99990
99990
99990
99990
99990
99990
99990
99990
99990
99990
99990
99990
99990
99990
99990
99990
99990
99990
99990
99990
99990
99990
99990
99990
99990
99990
99990
99990
99990
99990
99990
99990
99990
99990
99990
99990
99990
99990
99990
99990
99990
99991
99991
99991
99991
99991
99991
99991
99991
99991
99991
99991
99991
99991
99991
99991
99991
99991
99991
99991
99991
99991
99991
99991
99991
99991
99991
99991
99991
99991
99991
99991
99991
99991
99991
99991
99991
99991
99991
99991
99991
99991
99991
99991
99991
99991
99991
99991
99991
99991
99991
99991
99991
99991
99991
99991
99991
99991
99991
99991
99991
99991
99991
99991
99991
99991
99991
99991
99991
99991
99991
99991
99991
99991
99991
99991
99991
99992
99992
99992
99992
99992
99992
99992
99992
99992
99992
99992
99992
99992
99992
99992
99992
99992
99992
99992
99992
99992
99992
99992
99992
99992
99992
99992
99992
99992
99992
99992
99992
99992
99992
99992
99992
99992
99992
99992
99992
99992
99992
99992
99992
99992
99992
99992
99992
99992
99992
99992
99992
99992
99992
99992
99992
99992
99992
99992
99992
99992
99992
99992
99992
99992
99992
99992
99992
99992
99992
99992
99992
99993
99993
99993
99993
99993
99993
99993
99993
99993
99993
99993
99993
99993
99993
99993
99993
99993
99993
99993
99993
99993
99993
99993
99993
99993
99993
99993
99993
99993
99993
99993
99993
99993
99993
99993
99993
99993
99993
99993
99993
99993
99993
99993
99993
99993
99993
99993
99993
99993
99993
99993
99993
99993
99993
99993
99993
99993
99993
99993
99993
99993
99993
99993
99993
99993
99993
99993
99993
99994
99994
99994
99994
99994
99994
99994
99994
99994
99994
99994
99994
99994
99994
99994
99994
99994
99994
99994
99994
99994
99994
99994
99994
99994
99994
99994
99994
99994
99994
99994
99994
99994
99994
99994
99994
99994
99994
99994
99994
99994
99994
99994
99994
99994
99994
99994
99994
99994
99994
99994
99994
99994
99994
99994
99994
99994
99994
99994
99994
99994
99994
99994
99994
99994
99994
99994
99994
99994
99994
99994
99994
99994
99994
99994
99994
99994
99994
99994
99994
99995
99995
99995
99995
99995
99995
99995
99995
99995
99995
99995
99995
99995
99995
99995
99995
99995
99995
99995
99995
99995
99995
99995
99995
99995
99995
99995
99995
99995
99995
99995
99995
99995
99995
99995
99995
99995
99995
99995
99995
99995
99995
99995
99995
99995
99995
99995
99995
99995
99995
99995
99995
99995
99995
99995
99995
99995
99995
99995
99995
99995
99995
99995
99995
99995
99996
99996
99996
99996
99996
99996
99996
99996
99996
99996
99996
99996
99996
99996
99996
99996
99996
99996
99996
99996
99996
99996
99996
99996
99996
99996
99996
99996
99996
99996
99996
99996
99996
99996
99996
99996
99996
99996
99996
99996
99996
99996
99996
99996
99996
99996
99996
99996
99996
99996
99996
99996
99996
99996
99996
99996
99996
99996
99996
99996
99996
99996
99996
99996
99996
99996
99996
99996
99996
99996
99996
99996
99997
99997
99997
99997
99997
99997
99997
99997
99997
99997
99997
99997
99997
99997
99997
99997
99997
99997
99997
99997
99997
99997
99997
99997
99997
99997
99997
99997
99997
99997
99997
99997
99997
99997
99997
99997
99997
99997
99997
99997
99997
99997
99997
99997
99997
99997
99997
99997
99997
99997
99997
99997
99997
99997
99997
99997
99997
99997
99997
99997
99997
99997
99997
99997
99997
99997
99997
99997
99997
99997
99997
99997
99997
99997
99997
99997
99997
99997
99997
99997
99998
99998
99998
99998
99998
99998
99998
99998
99998
99998
99998
99998
99998
99998
99998
99998
99998
99998
99998
99998
99998
99998
99998
99998
99998
99998
99998
99998
99998
99998
99998
99998
99998
99998
99998
99998
99998
99998
99998
99998
99998
99998
99998
99998
99998
99998
99998
99998
99998
99998
99998
99998
99998
99998
99998
99998
99998
99998
99998
99998
99998
99998
99998
99998
99998
99998
99998
99998
99998
99998
99998
99998
99998
99998
99998
99998
99998
99998
99998
99999
99999
99999
99999
99999
99999
99999
99999
99999
99999
99999
99999
99999
99999
99999
99999
99999
99999
99999
99999
99999
99999
99999
99999
99999
99999
99999
99999
99999
99999
99999
99999
99999
99999
99999
99999
99999
99999
99999
99999
99999
99999
99999
99999
99999
99999
99999
99999
99999
99999
99999
99999
99999
99999
99999
99999
99999
99999
99999
99999
99999
99999
99999
99999
99999
99999
99999
99999
99999
99999
100000
100000
100000
100000
100000
100000
100000
100000
100000
100000
100000
100000
100000
100000
100000
100000
100000
100000
100000
100000
100000
100000
100000
100000
100000
100000
100000
100000
100000
100000
100000
100000
100000
100000
100000
100000
100000
100000
100000
100000
100000
100000
100000
100000
100000
100000
100000
100000
100000
100000
100000
100000
100000
100000
100000
100000
100000
100000
100000
100000
100000
100000
100000
100000
100000
100000
100000
100000
99990
99990
99990
99990
99990
99990
99990
99990
99990
99990
99990
99990
99990
99990
99990
99990
99990
99990
99990
99990
99990
99990
99990
99990
99990
99990
99990
99990
99990
99990
99990
99990
99990
99990
99990
99990
99990
99990
99990
99990
99990
99990
99990
99990
99990
99990
99990
99990
99990
99990
99990
99990
99990
99990
99990
99990
99990
99990
99990
99990
99990
99990
99990
99990
99990
99990
99990
99990
99990
99990
99990
99990
99990
99990
99990
99990
99991
99991
99991
99991
99991
99991
99991
99991
99991
99991
99991
99991
99991
99991
99991
99991
99991
99991
99991
99991
99991
99991
99991
99991
99991
99991
99991
99991
99991
99991
99991
99991
99991
99991
99991
99991
99991
99991
99991
99991
99991
99991
99991
99991
99991
99991
99991
99991
99991
99991
99991
99991
99991
99991
99991
99991
99991
99991
99991
99991
99991
99992
99992
99992
99992
99992
99992
99992
99992
99992
99992
99992
99992
99992
99992
99992
99992
99992
99992
99992
99992
99992
99992
99992
99992
99992
99992
99992
99992
99992
99992
99992
99992
99992
99992
99992
99992
99992
99992
99992
99992
99992
99992
99992
99992
99992
99992
99992
99992
99992
99992
99992
99992
99992
99992
99992
99992
99992
99992
99992
99992
99992
99992
99992
99992
99992
99992
99992
99992
99992
99992
99992
99992
99992
99992
99992
99992
99993
99993
99993
99993
99993
99993
99993
99993
99993
99993
99993
99993
99993
99993
99993
99993
99993
99993
99993
99993
99993
99993
99993
99993
99993
99993
99993
99993
99993
99993
99993
99993
99993
99993
99993
99993
99993
99993
99993
99993
99993
99993
99993
99993
99993
99993
99993
99993
99993
99993
99993
99993
99993
99993
99993
99993
99993
99993
99993
99993
99993
99993
99993
99993
99993
99993
99993
99993
99993
99993
99993
99993
99993
99993
99993
99993
99994
99994
99994
99994
99994
99994
99994
99994
99994
99994
99994
99994
99994
99994
99994
99994
99994
99994
99994
99994
99994
99994
99994
99994
99994
99994
99994
99994
99994
99994
99994
99994
99994
99994
99994
99994
99994
99994
99994
99994
99994
99994
99994
99994
99994
99994
99994
99994
99994
99994
99994
99994
99994
99994
99994
99994
99994
99994
99994
99994
99994
99994
99994
99994
99994
99994
99994
99995
99995
99995
99995
99995
99995
99995
99995
99995
99995
99995
99995
99995
99995
99995
99995
99995
99995
99995
99995
99995
99995
99995
99995
99995
99995
99995
99995
99995
99995
99995
99995
99995
99995
99995
99995
99995
99995
99995
99995
99995
99995
99995
99995
99995
99995
99995
99995
99995
99995
99995
99995
99995
99995
99995
99995
99995
99995
99995
99995
99995
99995
99995
99995
99995
99995
99995
99995
99995
99995
99995
99996
99996
99996
99996
99996
99996
99996
99996
99996
99996
99996
99996
99996
99996
99996
99996
99996
99996
99996
99996
99996
99996
99996
99996
99996
99996
99996
99996
99996
99996
99996
99996
99996
99996
99996
99996
99996
99996
99996
99996
99996
99996
99996
99996
99996
99996
99996
99996
99996
99996
99996
99996
99996
99996
99996
99996
99996
99996
99996
99996
99996
99996
99996
99996
99996
99996
99996
99996
99996
99996
99996
99996
99996
99996
99996
99996
99996
99996
99996
99996
99996
99996
99996
99997
99997
99997
99997
99997
99997
99997
99997
99997
99997
99997
99997
99997
99997
99997
99997
99997
99997
99997
99997
99997
99997
99997
99997
99997
99997
99997
99997
99997
99997
99997
99997
99997
99997
99997
99997
99997
99997
99997
99997
99997
99997
99997
99997
99997
99997
99997
99997
99997
99997
99997
99997
99997
99997
99997
99997
99997
99997
99997
99997
99997
99997
99997
99997
99997
99997
99997
99997
99997
99997
99997
99997
99998
99998
99998
99998
99998
99998
99998
99998
99998
99998
99998
99998
99998
99998
99998
99998
99998
99998
99998
99998
99998
99998
99998
99998
99998
99998
99998
99998
99998
99998
99998
99998
99998
99998
99998
99998
99998
99998
99998
99998
99998
99998
99998
99998
99998
99998
99998
99998
99998
99998
99998
99998
99998
99998
99998
99998
99998
99998
99998
99998
99998
99998
99998
99998
99998
99998
99998
99998
99998
99998
99998
99998
99998
99998
99998
99998
99998
99998
99998
99998
99998
99998
99998
99998
99998
99998
99999
99999
99999
99999
99999
99999
99999
99999
99999
99999
99999
99999
99999
99999
99999
99999
99999
99999
99999
99999
99999
99999
99999
99999
99999
99999
99999
99999
99999
99999
99999
99999
99999
99999
99999
99999
99999
99999
99999
99999
99999
99999
99999
99999
99999
99999
99999
99999
99999
99999
99999
99999
99999
99999
99999
99999
99999
99999
99999
99999
100000
100000
100000
100000
100000
100000
100000
100000
100000
100000
100000
100000
100000
100000
100000
100000
100000
100000
100000
100000
100000
100000
100000
100000
100000
100000
100000
100000
100000
100000
100000
100000
100000
100000
100000
100000
100000
100000
100000
100000
100000
100000
100000
100000
100000
100000
100000
100000
100000
100000
100000
100000
100000
100000
100000
100000
100000
100000
100000
100000
100000
100000
100000
100000
100000
100000
100000
100000
100000
100000
100000
100000
1972606931
Case #3: -99051
-97633
-97223
-95860
-94283
-94100
-93860
-93294
-92638
-91654
-90895
-88677
-88120
-87884
-87613
-86428
-86266
-86237
-86007
-85090
-84993
-83450
-82787
-80375
-79982
-78992
-78870
-78772
-77946
-77140
-76427
-75772
-75249
-74913
-74752
-74711
-74370
-74238
-73675
-73157
-72846
-72794
-71635
-71376
-71153
-70584
-70514
-70055
-69972
-69894
-69641
-69568
-68862
-68632
-68593
-68576
-68190
-66584
-66457
-66177
-65705
-65618
-65014
-64414
-63432
-62969
-62574
-62563
-62469
-62396
-61955
-61840
-61440
-60938
-59884
-59706
-58921
-58328
-58326
-57614
-57510
-57460
-57323
-56022
-55936
-55573
-54909
-54642
-53311
-52615
-52118
-52036
-51855
-51517
-51254
-51125
-50627
-49837
-48804
-48106
-48054
-47705
-47703
-47630
-46962
-46196
-45289
-45074
-45073
-44818
-44805
-44163
-44092
-43953
-43047
-42660
-42648
-42413
-41710
-41551
-41312
-40916
-39686
-39602
-39531
-39416
-39287
-38842
-38735
-38473
-38348
-38164
-37552
-37127
-35992
-35885
-35731
-35657
-35197
-35161
-34841
-34390
-34363
-34357
-34161
-34115
-33906
-33431
-33369
-33252
-33120
-32974
-32930
-32680
-32447
-32437
-32409
-32293
-31956
-30590
-30166
-30103
-29818
-29664
-29582
-29489
-29109
-28940
-28660
-28548
-28543
-28392
-28260
-27892
-27804
-27693
-27617
-27395
-27107
-26749
-26420
-26196
-25926
-25712
-25349
-25179
-25016
-24917
-24872
-24856
-24796
-24554
-24214
-23776
-23555
-23529
-23493
-23479
-23179
-23120
-22704
-22599
-22525
-22517
-22512
-22475
-22391
-22347
-21951
-21672
-21402
-21365
-21265
-21238
-21119
-20948
-20838
-20579
-20547
-20511
-20029
-19929
-19720
-19611
-19593
-19365
-19220
-19081
-19050
-18730
-18406
-18340
-18143
-17964
-17944
-17444
-17289
-17257
-16602
-16582
-16242
-16231
-16132
-15646
-15642
-15471
-15278
-15211
-15196
-15049
-14953
-14701
-14443
-14358
-14263
-14161
-14138
-14043
-13947
-13945
-13716
-13439
-13278
-13193
-13169
-12893
-12823
-12430
-12386
-12334
-12157
-12112
-12045
-12004
-11781
-11754
-11734
-11712
-11534
-11423
-11270
-11242
-10813
-10812
-10573
-10398
-10339
-10299
-9915
-9386
-9346
-9185
-9133
-8918
-8881
-8673
-8512
-8307
-8236
-8173
-8146
-8104
-7674
-7667
-7655
-7599
-7574
-7217
-7184
-6925
-6732
-6685
-6577
-6360
-6350
-6344
-6095
-6077
-5976
-5879
-5736
-5713
-5128
-5092
-4956
-4876
-4710
-4445
-4392
-4325
-4247
-3846
-3769
-3696
-3615
-3437
-3425
-3292
-3253
-3149
-2969
-2917
-2849
-2833
-2829
-2692
-2476
-2278
-2238
-2160
-2027
-1963
-1710
-1360
-1336
-1233
-1000
-794
-668
-662
-584
-516
-498
-376
-358
-66
26
80
324
488
531
693
753
1019
1069
1384
1468
1549
1566
1940
2158
2230
2527
2638
2789
2885
3125
3166
3278
3481
3502
3524
3625
3720
3734
3819
3959
3986
4020
4175
4183
4183
4376
4944
4947
5022
5387
5540
5963
6193
6208
6285
6719
6726
6826
7078
7103
7562
7642
7927
7941
8108
8332
8398
8701
8860
8980
9119
9250
9280
9439
9450
9470
9506
9684
10313
10790
10960
11088
11181
11582
11615
11734
11803
12140
12222
12437
12792
13047
13209
13275
13315
13656
13974
14101
14742
15001
15115
15170
15305
15626
15816
15819
15879
16049
16108
16193
16196
16232
16348
16726
16903
16999
17582
17876
18177
18495
18511
18606
18710
18807
18887
18997
19156
19281
19516
19595
19889
20015
20058
20585
20611
20738
20913
20915
20981
21082
21120
21352
21447
21495
21892
22704
22728
22867
22880
22896
22972
23110
23517
23690
23900
23961
24046
24116
24155
24378
24658
24832
24946
25405
25407
25463
25692
25743
26010
26790
27227
27612
27786
27922
27992
28011
28352
28419
28483
28649
28816
29029
29624
29667
29749
29933
30022
30090
30231
30337
30625
30660
31164
31272
31338
31651
31667
31767
31799
31847
31890
32195
32350
32364
32506
32830
33124
33364
33411
33542
33631
33775
34065
34391
34409
34681
35052
35485
35611
35702
35756
36110
36181
36376
37081
37104
37208
37383
37498
38394
38491
39224
39367
39411
39993
40147
41412
41599
41942
42034
42996
43746
43809
43869
44298
44905
45106
46646
46771
46850
46951
47214
47268
47817
48088
48267
48343
48607
49488
49519
49690
49843
50016
50373
50801
51132
51349
51387
51391
51551
51793
52380
53122
53621
53627
53844
54416
55713
55745
56112
56230
56242
56878
57123
57824
57947
58054
58565
58688
58888
58919
59158
59797
60033
60221
60346
60584
61135
61279
61299
63184
63405
63724
63971
64598
64648
65148
65488
65526
66119
66200
66229
66746
66792
66928
67320
67466
67500
68223
68805
68916
70073
70352
70649
71273
71647
71651
72375
72550
72643
72715
73061
74282
74429
74672
74688
75452
75698
76041
76044
76285
76939
77282
78570
78679
79615
80307
80936
81404
81859
83139
83348
83461
83558
84063
84194
85062
85362
86044
86144
86281
86858
89814
90828
91419
92810
94263
95012
98048
98550
99088
99742
-99787
-99400
-93665
-92417
-91754
-90630
-90423
-90244
-89862
-88687
-85880
-85660
-84557
-83313
-83023
-82361
-80121
-78637
-78358
-78355
-77801
-77775
-77011
-75600
-75180
-74089
-73487
-73016
-72787
-71951
-71884
-71679
-71655
-71185
-70711
-70281
-69739
-69539
-69029
-68195
-68094
-67999
-67276
-67216
-66858
-65922
-64789
-64548
-63951
-63444
-63223
-62957
-62742
-61915
-61685
-61586
-61551
-61525
-61034
-60561
-60133
-59509
-58816
-58627
-58569
-58236
-58161
-57720
-57586
-57401
-57119
-57015
-56956
-56400
-55125
-54856
-54199
-53643
-53429
-53320
-53035
-52858
-52418
-52320
-51965
-51810
-51478
-51054
-50742
-50438
-50398
-50317
-50016
-49438
-48502
-48235
-48180
-48110
-47711
-47594
-46902
-46293
-46240
-45966
-45927
-45604
-45439
-45417
-44733
-44250
-43568
-43445
-43231
-42996
-42741
-42627
-42525
-42233
-42145
-41205
-40953
-40912
-40495
-39253
-39141
-38480
-38369
-38152
-38120
-37881
-37534
-37257
-37057
-36775
-36753
-36368
-35732
-35701
-35520
-35059
-34623
-34564
-34183
-33975
-33756
-33076
-32832
-32748
-32459
-32137
-32050
-31939
-31815
-31658
-31131
-31015
-30951
-30225
-30013
-29914
-29856
-29715
-29595
-29387
-29262
-28967
-28870
-28789
-28773
-28298
-28017
-27610
-27577
-27519
-27453
-27428
-27051
-26956
-26844
-26590
-26042
-25748
-25672
-25263
-25234
-25160
-25085
-25072
-24890
-24880
-24614
-24576
-24103
-23825
-23667
-23659
-23475
-23296
-22817
-22727
-22651
-21788
-21740
-21549
-21515
-21391
-21320
-21282
-21073
-20829
-20694
-20679
-20414
-20323
-20209
-20073
-19851
-19814
-19775
-19573
-19159
-18972
-18817
-18667
-18662
-18661
-18574
-17341
-17287
-17265
-17007
-16873
-16729
-16727
-16521
-16482
-16345
-16330
-16290
-16253
-16135
-16113
-15851
-15698
-15453
-15108
-15096
-15038
-14990
-14989
-14839
-14700
-14670
-14620
-14361
-14346
-14239
-14165
-14038
-13861
-13747
-13399
-13365
-13235
-13214
-13205
-13123
-13122
-13068
-12967
-12901
-12864
-12723
-11920
-11919
-11705
-11651
-11597
-11440
-10775
-10574
-10573
-10475
-10415
-10360
-10354
-10277
-10040
-10040
-9856
-9738
-9576
-9439
-9425
-9220
-9127
-9051
-8956
-8846
-8645
-8587
-8399
-8259
-8163
-7864
-7621
-7587
-7492
-7398
-7296
-7148
-6716
-6666
-6607
-6499
-6476
-6213
-6131
-5907
-5881
-5740
-5717
-5475
-5453
-5372
-5003
-4968
-4840
-4741
-4694
-4693
-4642
-4635
-4328
-4321
-4025
-3980
-3898
-3659
-3567
-3547
-3238
-3190
-3041
-2843
-2742
-2404
-2234
-2095
-2010
-1954
-1906
-1836
-1719
-1596
-1589
-1492
-1321
-1287
-1030
-967
-956
-901
-806
-704
-439
-246
-102
-56
3
439
568
753
795
832
848
912
943
1037
1119
1145
1153
1231
1281
1314
1325
1437
1467
1544
1719
1881
1910
2040
2040
2215
2264
2321
2326
2358
2424
2468
2575
2735
2878
3101
3259
3500
3626
3692
3751
3790
3871
3984
4043
4199
4609
4758
4825
5161
5284
5331
5386
5580
5619
6137
6571
6875
7101
7356
7672
7787
8027
8125
8194
8237
8636
8761
8794
8803
9009
9411
9654
9681
9737
9766
10076
10141
10347
10355
10481
10594
10761
10952
11157
11260
11361
11510
11714
11827
11850
11888
12288
12410
12505
12618
12697
12756
13173
13328
13975
14131
14257
14625
14789
14804
14859
14864
14870
14901
14961
15090
15263
15379
15640
15960
16155
16231
16347
16491
16922
17014
17113
17609
17785
17933
18161
18173
18177
18330
18724
18763
18891
19809
19842
19957
20215
20437
20982
21214
21238
21497
21566
21571
21901
22074
22388
22490
22610
22623
22821
22958
22979
23172
23207
23330
23604
23919
24298
24306
24410
24511
25007
25430
25596
25904
25945
26022
26168
26269
26276
26473
26625
26625
27406
27559
27879
27881
28000
28059
28313
28537
28977
29015
29020
29041
29249
29271
29401
29637
30228
30257
30728
30904
31168
31179
31334
31434
31608
31729
31857
32319
32751
33321
33417
33650
33677
33752
33966
34134
34323
34939
35143
35581
35969
36164
36549
36605
36831
36925
36940
36998
37141
37155
37240
37542
37927
38204
39687
39752
40020
40267
40307
40743
41008
41031
41157
41245
41295
42281
42318
42529
42873
42957
43194
43451
43717
44932
44953
45366
45379
47058
47284
47307
47387
47670
48328
48594
49310
50001
50238
50574
50885
51494
51763
52059
52186
52339
52347
52369
52438
52470
53245
54336
54473
54479
54759
55578
55707
55821
56123
56471
56642
57226
57257
57288
57706
57732
58178
58420
58815
59116
59136
59691
59926
60326
60571
61041
61238
61429
61688
62077
62217
63509
63625
64227
64251
64380
65055
65212
65379
66000
67002
67865
68164
68200
68326
69245
70405
70704
71966
72237
72656
74246
75201
75625
77501
77541
78077
78888
78956
79119
79596
80909
81504
81768
82572
83040
83364
83827
84127
85729
86231
86886
87022
87466
87890
87901
88185
88743
89525
90379
90541
91530
92355
94198
96596
97110
97939
98990
830755729
Case #4: -99931
-99795
-99765
-99600
-99272
-98928
-98856
-98444
-98290
-98255
-98147
-98015
-97986
-97973
-97719
-97700
-97541
-97434
-97262
-97255
-96890
-96885
-96751
-96711
-96571
-96549
-96205
-96150
-96095
-95766
-95686
-95670
-95616
-95389
-95351
-95278
-95129
-94799
-94573
-94470
-94460
-94323
-94018
-94010
-93974
-93867
-93865
-93623
-93357
-93292
-93106
-92926
-92782
-92775
-92369
-92121
-92099
-92012
-91910
-91863
-91697
-91625
-91609
-91532
-91386
-91377
-91342
-91277
-91099
-91064
-91032
-90806
-90607
-90520
-90467
-90424
-90178
-90129
-90109
-90102
-89855
-89676
-89651
-89628
-89611
-89512
-89489
-89484
-89145
-89045
-89013
-88846
-88819
-88653
-88609
-88565
-88504
-88455
-88413
-88281
-88097
-87194
-87115
-86985
-86944
-86919
-86894
-86862
-86830
-86687
-86548
-85940
-85780
-85770
-85658
-85605
-85502
-85247
-85232
-85210
-85131
-84593
-84406
-84382
-84365
-83953
-83941
-83770
-83593
-83469
-83467
-83381
-83191
-82983
-82564
-82354
-82247
-81827
-81739
-81616
-81287
-80998
-80380
-80331
-80319
-80289
-80268
-80066
-79900
-79521
-79512
-79460
-79145
-79019
-78935
-78881
-78780
-78585
-78479
-78286
-78156
-78007
-77984
-77889
-77739
-77718
-77623
-77478
-77368
-77280
-76768
-76693
-76539
-76154
-76135
-76119
-75905
-75269
-75127
-75122
-74973
-74912
-74716
-74474
-74443
-74336
-74066
-73875
-73743
-73510
-72941
-72665
-72662
-72608
-72563
-71948
-71562
-71508
-71496
-70698
-70625
-69966
-69647
-69095
-69066
-68669
-68654
-68612
-68586
-68416
-68071
-68044
-67903
-67885
-67696
-66590
-66405
-66369
-65859
-65675
-65656
-65500
-65467
-65274
-64877
-64789
-64201
-63807
-63718
-63567
-63430
-63264
-62418
-62236
-62204
-62011
-61621
-61403
-61211
-60900
-60701
-60484
-60408
-60178
-60072
-59998
-59985
-59221
-59109
-58667
-58481
-58272
-57990
-57912
-57776
-57691
-57275
-57132
-56078
-56077
-55733
-55437
-55240
-55233
-53775
-53567
-52986
-52196
-52061
-52048
-51305
-51234
-50882
-50876
-50421
-50367
-50157
-49955
-49679
-49121
-48978
-48922
-48893
-48751
-48532
-48194
-47969
-47956
-47499
-47404
-47336
-47335
-47181
-47116
-46568
-46033
-45053
-45034
-44913
-44588
-44001
-43843
-43499
-43247
-42968
-42633
-42563
-42496
-42457
-42393
-42220
-41441
-40961
-40656
-40623
-40360
-40158
-40020
-39648
-39243
-38541
-38279
-37866
-37489
-36763
-36565
-35952
-35057
-34944
-34198
-34117
-33278
-33221
-32569
-32318
-32317
-31751
-31316
-31240
-30325
-29573
-29263
-29235
-28744
-28741
-27767
-27692
-26920
-25843
-24805
-24795
-24464
-22980
-22649
-21551
-19674
-19562
-18651
-17086
-16885
-16486
-16010
-15476
-15359
-13967
-13194
-11681
-10754
-10176
-8008
-5722
-5447
-3958
-3608
-3452
-3167
-3149
-2815
-2783
-2732
160
201
452
898
1068
1389
2003
2808
2817
3051
3298
4088
5401
6304
7193
7426
7444
8448
10622
10728
10737
11383
11453
11747
13334
15024
16222
16457
17093
17344
17372
17605
19372
19753
20995
21021
21333
21430
22252
22427
22747
23173
23635
23675
24152
24182
24941
24972
25171
25359
25622
25914
26395
28077
28114
28853
29470
29689
30303
31292
31828
31926
33460
34253
34384
34825
34850
34893
35203
35775
35952
36141
36495
36762
36828
38126
38781
38998
39886
40412
40591
40800
41106
41207
41904
42039
42132
42590
42669
42877
42999
43256
43276
43600
43744
43784
44235
44641
44824
44963
45251
45769
47091
47121
47758
47865
48685
48799
48852
49259
49291
49711
50014
50442
50653
50673
50693
51986
51992
52137
52204
53049
53055
53060
53325
53403
54726
55128
55860
56238
56315
56574
56946
57189
57399
57424
57663
58516
58544
58891
58929
59410
59817
59962
60094
60659
60660
60731
61402
61468
61485
61504
61762
63050
63208
64164
64502
64685
64796
64895
65120
65210
65342
65440
66128
66257
66317
66751
67076
67397
67409
67733
67829
67833
67967
68705
68777
68804
69213
69563
69742
70614
70989
71743
71994
72111
72410
72506
72556
72960
73029
73431
73433
73657
74262
74959
75193
75254
75579
75699
75836
76055
76080
76115
76266
76516
76641
76713
76763
77254
77519
77590
78046
78253
78305
78312
78477
78479
78647
79404
79509
79588
79596
79682
79963
80638
81172
81297
81403
81492
81514
81545
82105
82236
82285
82462
82502
82659
82678
82836
83086
83129
83596
83620
83928
84009
84074
84455
85062
85125
85384
85481
85830
85851
85881
86079
86112
86194
86459
86464
86466
86662
87053
87167
87287
87515
87558
87639
87706
87914
88279
88305
88421
88530
88926
89131
89249
89353
89355
89359
89377
89686
89720
89883
90040
90161
90398
90462
90632
91003
91013
91214
91280
91291
91539
91805
91806
91818
91818
91838
91892
92127
92235
92461
92595
92646
92751
93091
93100
93397
93550
93759
93762
93902
94028
94102
94279
94461
94591
94731
94996
95608
95620
95670
95712
95714
95854
96016
96082
96107
96209
96321
96325
96581
96690
96700
96972
96982
97022
97089
97216
97494
97580
97682
97793
97803
98017
98067
98477
98515
98600
98665
98723
98777
98785
98859
98884
98973
98973
99138
99330
99507
99632
99834
99859
-99647
-99511
-99307
-99211
-99165
-99156
-99059
-98988
-98663
-98493
-98418
-98367
-98297
-98115
-98070
-98047
-98041
-98040
-98031
-97988
-97878
-97735
-97662
-97535
-97385
-97335
-97240
-97215
-96985
-96961
-96428
-96343
-96295
-96201
-96191
-96039
-95857
-95716
-95690
-95675
-95567
-95476
-95068
-94966
-94843
-94583
-94396
-94390
-94227
-94127
-93957
-93643
-93598
-93593
-93565
-93552
-93401
-93280
-93275
-93239
-93094
-92645
-92513
-92127
-91964
-91516
-91431
-91420
-91301
-91298
-91172
-91136
-91082
-91052
-91052
-91037
-91021
-90981
-90909
-90898
-90840
-90812
-90758
-90732
-90598
-90438
-90149
-90137
-89986
-89920
-89699
-89687
-89531
-89480
-89382
-89185
-89183
-89158
-89074
-89020
-88799
-88625
-87977
-87971
-87878
-87628
-87530
-87348
-87289
-87121
-87023
-86990
-86790
-86532
-86511
-86486
-86295
-85855
-85643
-85639
-85562
-85451
-85443
-85323
-85311
-84905
-84890
-84863
-84604
-84562
-84504
-84153
-83987
-83945
-83911
-83743
-83721
-83392
-83384
-82911
-82766
-82715
-82633
-82576
-82533
-82222
-82123
-81830
-81679
-81658
-81646
-81379
-81318
-81269
-81231
-81225
-81209
-81146
-80881
-80783
-80758
-80712
-80493
-80360
-80342
-80284
-80240
-80127
-79920
-79730
-79443
-79378
-79269
-79122
-79057
-78514
-78373
-78308
-78235
-78160
-77907
-77874
-77037
-76856
-76739
-76607
-76394
-76191
-75994
-75698
-75634
-75300
-75296
-75017
-74964
-74730
-74444
-74427
-74230
-73776
-73379
-73046
-72831
-72540
-72302
-72287
-71994
-71916
-71750
-71736
-70862
-70820
-70075
-69946
-69702
-69682
-69603
-69470
-69136
-69050
-69029
-68577
-67357
-66878
-66624
-66452
-65865
-65760
-65400
-64999
-64216
-64059
-63984
-63487
-63398
-63232
-62807
-62659
-62657
-61860
-61848
-60742
-59476
-59129
-58778
-58145
-58067
-57399
-57353
-56594
-55902
-55895
-55646
-54631
-54536
-54266
-53389
-53375
-52684
-52576
-52320
-52108
-51350
-50958
-50540
-50459
-50099
-50029
-49987
-49761
-49555
-49027
-48850
-48615
-47941
-47788
-47197
-47172
-46352
-46251
-46234
-46118
-46082
-45992
-45690
-45253
-45107
-45084
-45052
-44763
-44580
-44501
-43907
-43728
-43498
-43403
-42953
-42807
-42360
-41843
-40762
-40412
-39918
-39842
-39085
-38265
-38107
-37453
-37378
-37064
-36480
-35942
-33690
-33568
-32950
-32126
-31228
-30322
-30116
-29708
-29358
-28582
-28330
-27861
-27484
-25746
-25621
-25336
-24368
-23961
-23246
-22593
-20502
-19595
-19060
-19006
-17777
-17745
-17324
-17002
-16308
-16175
-15755
-15572
-14884
-14729
-14350
-13353
-12149
-11732
-11611
-11385
-10349
-10006
-9726
-9678
-9442
-8334
-8100
-7780
-6619
-5324
-4804
-4392
-3899
-1486
-720
-129
26
904
1473
2026
2700
2926
4142
4336
4618
4710
5224
6249
7383
8075
8893
8958
9161
9950
10338
11782
12816
12860
13601
13692
13756
15404
15685
15982
16958
17548
17942
18070
18317
18367
19928
20199
20380
20396
20902
21275
21276
21292
22074
23222
24543
24906
25913
26388
27115
27561
27792
28624
28982
29090
29472
29702
29751
29841
30095
30200
30519
30646
30769
31184
31723
31851
32480
32487
33195
33320
34101
34336
34976
35338
35590
35931
35954
36018
36862
37692
39045
39286
39696
40011
41114
41184
42266
43025
43551
43695
43857
44696
44761
44851
45029
45342
45560
45661
46063
46074
46660
47305
47316
47864
48790
49150
49172
49364
49490
49696
49764
49962
50027
50469
50652
50854
51058
51167
51204
51599
51869
52438
52615
52655
52794
52803
53846
54380
54972
55089
55366
55521
55695
55805
55873
56267
56361
56629
57144
57662
58315
58752
59283
59398
59549
59683
59863
60087
60156
60566
61166
61429
61632
61677
61681
61757
61983
62296
62430
62497
63032
63684
63937
64052
64095
64645
64745
65076
65263
65372
65919
66055
66064
66161
66311
66357
66557
66569
66619
66626
67228
67257
67337
67778
67830
68207
68253
68431
68779
68911
69133
69384
69639
70461
70738
70792
70855
70923
71034
71383
71681
71879
72203
72241
72297
72344
72592
72659
72774
72994
73420
73495
73911
74076
74102
74110
74188
74191
74314
74317
74532
74715
74991
75328
75338
75807
76095
76098
76154
76560
76598
76972
77118
77152
77776
77882
78094
78288
78834
78849
78996
79296
79473
79524
79662
79719
79937
79989
80165
80302
80553
80830
80905
81196
81261
81305
81351
81499
81525
81663
81674
81725
82416
82706
82740
82741
82851
83086
83463
83924
84021
84327
84378
84791
84944
84953
84970
85016
85245
85333
85344
85497
85512
85765
86142
86632
86841
87044
87099
87135
87450
87562
88057
88141
88386
88387
88469
88621
88629
88633
88743
89082
89184
89209
89349
89465
89619
89644
89716
90006
90238
90807
90940
91218
91689
91826
91928
92056
92069
92200
92292
92332
92353
92574
92754
93152
93183
93431
93745
93802
93825
94116
94407
94415
94503
94583
94723
94878
95420
95439
95460
95538
95946
96297
96360
96372
96414
96476
96550
96710
96734
96896
96925
96970
96988
97040
97182
97182
97446
97563
97781
97789
97948
97964
98035
98128
98469
98577
98623
99011
99056
99508
99683
99738
99850
99872
99999
464004126
Case #5: -99926
-99866
-99767
-99588
-99380
-99339
-99265
-99249
-99160
-99105
-98922
-98756
-98507
-98449
-98440
-98030
-97719
-97563
-97514
-97473
-97364
-97339
-97079
-96998
-96982
-96817
-96653
-96574
-96053
-95909
-95837
-95653
-95638
-95506
-95208
-95139
-94994
-94978
-94870
-94458
-94289
-94135
-93985
-93935
-93699
-93620
-92891
-92852
-92841
-92827
-92272
-92177
-92060
-92055
-92004
-91860
-91495
-91406
-91330
-91300
-91295
-91104
-90989
-90639
-90469
-90454
-90347
-90213
-90013
-90011
-89963
-89672
-89514
-89500
-89313
-89308
-89288
-89275
-89262
-89163
-89003
-88650
-88511
-88351
-87737
-87617
-87585
-87550
-87410
-87360
-86960
-86886
-86716
-86661
-86546
-86500
-86404
-86386
-86335
-86289
-86248
-85911
-85550
-85511
-85457
-85424
-85095
-84774
-84557
-84414
-84368
-84316
-84023
-83951
-83937
-83269
-83232
-83163
-83023
-82896
-82683
-82563
-82244
-81438
-80891
-80822
-80783
-80750
-80638
-80511
-80431
-80163
-80067
-80030
-79984
-79316
-79134
-78781
-78770
-78573
-78245
-78156
-77846
-77426
-77024
-76832
-76641
-76431
-76211
-75319
-75311
-75222
-75062
-74996
-74547
-74395
-74355
-74326
-74177
-73978
-73763
-73734
-73497
-73479
-73444
-73290
-73253
-72986
-72719
-72700
-72261
-72251
-72230
-72178
-70941
-70905
-70864
-70722
-70348
-70240
-70114
-69866
-69741
-69661
-69654
-69491
-68764
-68414
-68319
-67721
-67689
-67678
-67602
-67521
-67317
-67216
-66962
-66090
-66078
-65855
-65808
-65794
-65704
-65141
-65082
-64961
-64939
-64701
-63965
-63391
-63388
-63364
-62752
-62728
-62152
-61974
-61096
-60949
-60559
-59998
-59771
-59732
-59345
-59099
-58751
-58388
-58136
-57738
-57586
-56762
-56540
-56529
-56054
-56019
-56016
-55988
-55740
-55539
-54862
-54856
-54046
-53800
-53282
-52652
-52259
-51609
-50983
-50829
-50441
-49815
-49807
-48312
-47506
-46595
-46529
-46363
-46077
-45906
-45330
-45241
-45028
-44818
-44777
-44606
-43676
-43407
-42630
-42378
-41378
-40451
-38996
-38664
-38496
-37505
-37261
-36566
-36270
-36097
-35174
-35174
-34863
-33995
-33643
-33495
-33344
-33151
-32869
-32835
-32634
-32044
-30335
-29200
-29149
-28670
-28211
-27020
-26765
-26202
-26176
-25779
-25156
-24743
-23413
-23146
-21395
-21171
-20628
-20550
-19369
-19078
-17225
-17043
-15730
-15716
-15495
-13685
-13478
-13420
-13234
-12645
-12612
-11239
-11073
-10774
-10629
-10599
-9326
-9199
-7681
-7299
-7092
-6705
-5627
-4879
-4538
-4372
-3984
-2127
-2059
-1515
-239
-107
621
1881
5142
5338
6128
7611
7871
8298
8922
10626
10851
11159
11286
11502
11564
11822
13903
14549
15277
15434
15541
16123
16799
16887
17208
17212
17750
18461
19149
19158
21010
21200
21803
23094
23139
24589
25084
25254
25465
25720
26510
27293
27304
28265
28466
29170
30773
32189
32684
33128
33376
33449
34849
37224
37285
37295
37533
37630
38763
39062
39115
39139
39590
40665
41431
41658
42234
42291
42526
43325
44216
44822
45544
46832
47103
47106
47643
47666
47812
48148
48191
48410
48518
49141
49340
49571
49950
50069
50295
50354
50844
51164
51373
52319
53053
53290
54221
54383
54411
54678
54771
55335
55356
55677
55852
56376
56474
56510
56591
56896
56946
57102
57510
57621
57630
57838
58127
58359
58682
59070
59890
59992
60052
60133
60194
60324
60814
60954
61077
61324
61391
61433
61597
61684
62111
62113
62135
62679
62986
63054
63142
63727
63956
63987
64050
64065
64519
64988
65018
65132
65289
66112
67812
67975
68131
68429
68705
68946
69066
69170
69840
70055
70336
70440
70468
70810
71097
71363
71613
71621
71742
71771
71998
72586
72608
72814
73041
73093
73151
73196
73229
73396
74018
74069
74117
74143
74641
74735
74898
75208
75726
75774
75856
75898
76436
76585
76877
77218
77246
77398
77624
77857
78205
78293
78317
78357
78389
78640
78803
78918
78922
79009
79183
79286
79430
79566
79784
79928
80089
80426
80593
80814
80842
80913
81097
81339
81438
81619
81848
81851
82187
82343
82500
82575
82642
82912
83483
83506
83507
83655
83776
83927
83984
84340
84385
84441
84626
84959
85093
85104
86110
86155
86257
86268
86494
86556
86575
86622
86727
86735
86856
86876
86914
87000
87080
87179
87185
87359
87513
87707
88044
88082
88158
88377
88414
88556
88977
89328
89635
89845
90235
90490
90544
90899
91126
91364
91546
91589
91654
91689
91791
91818
91873
92055
92058
92337
92851
93156
93386
93426
93532
94116
94162
94276
94322
94684
95067
95674
95702
96012
96567
96579
96628
96669
96690
96820
96838
96885
96943
97126
97293
97302
97355
97448
97494
97569
97763
97904
97937
98119
98302
98364
98370
98397
98615
98649
98775
98918
98961
99089
99096
99311
99603
99671
-99982
-99932
-99914
-99808
-99547
-99537
-99202
-99063
-99029
-98738
-98355
-98254
-97810
-97694
-97685
-97496
-97462
-97131
-96822
-96597
-96258
-96254
-96157
-96080
-96057
-95965
-95863
-95765
-95722
-95669
-95401
-95391
-95385
-95358
-95305
-95301
-95119
-95064
-94472
-94412
-94397
-94369
-94272
-94209
-94072
-94007
-93901
-93438
-93131
-92949
-92768
-92668
-92625
-92550
-92420
-92323
-92185
-91974
-91971
-91792
-91720
-91643
-91548
-91370
-91354
-91287
-90969
-90679
-90673
-90459
-90242
-90195
-90136
-89745
-89676
-89459
-89230
-89062
-89046
-88807
-88667
-88481
-88208
-87661
-87489
-87308
-86943
-86757
-86719
-86711
-86403
-86167
-86044
-85908
-85838
-85506
-85308
-84595
-84535
-84444
-84384
-84168
-83830
-83676
-83567
-83348
-83170
-82691
-82572
-82267
-82225
-81858
-81821
-81509
-81239
-81162
-81142
-80746
-80607
-80233
-79866
-79737
-79481
-79079
-78940
-78908
-78618
-78184
-77773
-77680
-77433
-77282
-76883
-76598
-76585
-76412
-75963
-75574
-75562
-75438
-74292
-74282
-74235
-74175
-73988
-73982
-73979
-73920
-73709
-73697
-73549
-73422
-73155
-73101
-73045
-72928
-72913
-72513
-72343
-72263
-72218
-72104
-71991
-71967
-71953
-70967
-70937
-70779
-70143
-70133
-69929
-69892
-69560
-69546
-69524
-69155
-68663
-68460
-68322
-68066
-67672
-67562
-67299
-67237
-66888
-66856
-66762
-66605
-65792
-65580
-65420
-65203
-65195
-64670
-64634
-64528
-64214
-63945
-63803
-63648
-63267
-63068
-62261
-62017
-61909
-61750
-61601
-61527
-58982
-58966
-58484
-58168
-58166
-58064
-57812
-57468
-57226
-56941
-56799
-56597
-56511
-55978
-55907
-55746
-55601
-55332
-54905
-53962
-53592
-53398
-52553
-52420
-52218
-52195
-51509
-51493
-51188
-50855
-50751
-50459
-50341
-50155
-49216
-48903
-48777
-48695
-48597
-48574
-48260
-47969
-47283
-46983
-46957
-46798
-46333
-46230
-45859
-45513
-45224
-44912
-44654
-44382
-43427
-43177
-42903
-42872
-42853
-42125
-41665
-40834
-40581
-40394
-40304
-40206
-39375
-38622
-38583
-38466
-38255
-38152
-36736
-35320
-35211
-35178
-34954
-34937
-34907
-34098
-34041
-33341
-33064
-32550
-31442
-30566
-30154
-26446
-26332
-26307
-25001
-24976
-24935
-23895
-23823
-23770
-23000
-22172
-21606
-21332
-20364
-20237
-19794
-19751
-19501
-19351
-18852
-18061
-17783
-12780
-12374
-12328
-12054
-11179
-10572
-9376
-9246
-8946
-8876
-8114
-7815
-7362
-7350
-6902
-5063
-4812
-3494
-1503
-115
2007
2406
3310
3349
4909
4967
7240
7480
7746
10269
12197
12221
13410
14358
14761
14775
15000
15861
16142
16384
17061
17709
18885
20058
22805
24254
24281
24835
24840
25067
25623
25736
25862
26708
26841
27274
27524
27576
28878
29681
29950
30219
30645
30649
30715
31729
31786
32037
32424
32543
32600
32909
32957
33325
33948
34409
34882
34885
35299
35506
35813
35836
35903
36237
36337
36878
37147
37494
37760
38472
39452
40167
40367
40636
40935
41746
42032
42060
42488
42640
43585
43782
44586
45293
45306
45333
45429
45894
46223
46491
46616
46857
47096
47099
47134
47539
47687
48244
48400
48560
48603
49469
49853
51437
53271
53421
53647
53665
53790
53968
54454
54652
54931
54935
55034
55698
55832
55962
56279
56290
56601
56695
57316
57419
57952
59315
59683
59728
59802
60250
60812
60921
61054
61142
61226
61476
61540
61693
62220
62690
62932
62950
64028
64048
64228
65663
65789
65857
66448
67028
67638
67786
68138
68492
69692
69745
69785
70016
70039
70195
70538
70549
70582
71127
71137
71625
71872
72220
72334
72478
72634
72644
72659
73548
73740
73811
73863
73879
74081
74155
74419
74439
74717
74729
75019
75403
75460
75568
75837
76536
76628
76713
76987
77226
77385
77444
77662
77773
77817
78159
78444
78457
78904
79042
79044
79142
79155
79182
79248
79456
79542
79633
79730
79992
80259
80572
80645
80854
80866
81022
81610
81827
82094
82207
82316
82329
82702
83651
83664
83797
83906
83932
84397
84588
85467
85553
85577
85582
85619
85865
85877
85990
86117
86117
86143
86579
86842
86909
86934
87024
87076
87181
87270
87307
87403
87492
87693
88023
88189
88246
88279
89036
89340
89375
89491
89542
89559
89715
89810
89848
90063
90089
90428
90447
90555
90575
90585
90851
91029
91502
91633
91765
91808
92131
92228
92425
92560
92777
92956
93271
93337
93578
93956
93964
94255
94446
94565
94590
94686
94718
94756
94922
95281
95436
95524
95833
95892
95968
95971
96079
96090
96651
96673
96685
96770
96864
97113
97117
97122
97195
97208
97252
97304
97411
97483
97499
97505
97777
97948
98272
98376
98412
98414
98639
98639
98751
98880
98927
98965
99132
99233
99317
99456
99534
99730
99801
99893
99955
99987
-421765596
Case #6: -99566
-98945
-98939
-98905
-98903
-97934
-97887
-97814
-97355
-96836
-96581
-96564
-96032
-95871
-95597
-94836
-94615
-94069
-93376
-92555
-92413
-92074
-92059
-91801
-91248
-90906
-90838
-89291
-88744
-87908
-87864
-87861
-87247
-85582
-85421
-84979
-84701
-84641
-84191
-84173
-83818
-83542
-83515
-83001
-82926
-82918
-82465
-82417
-82402
-82298
-81998
-81932
-81657
-81585
-81148
-81139
-80688
-80629
-80248
-80027
-78510
-78486
-78406
-78279
-77165
-77145
-77082
-76407
-76370
-76224
-76163
-75909
-73817
-72883
-72756
-71829
-71821
-71722
-71622
-71474
-70769
-68944
-68191
-66578
-66524
-65474
-65393
-64234
-63861
-63486
-63076
-62681
-61824
-61455
-60644
-59462
-58960
-58929
-58797
-58466
-57457
-57204
-54037
-53895
-52896
-50351
-50149
-49994
-47410
-46348
-42340
-39692
-37749
-37070
-35997
-35919
-32881
-30775
-28932
-27205
-23646
-21102
-17392
-14598
-12727
-12375
-11668
-2358
-1151
4443
4601
4785
8151
11152
11983
12818
13978
14030
16669
19490
20905
21205
21836
21853
22818
24102
28407
30945
34824
35006
35553
36936
37367
37527
37723
38468
38540
39287
39767
40458
41328
42482
42944
44023
46335
46562
46574
48265
50809
51198
52388
53653
53982
54484
54874
55741
56623
56648
57785
61604
61660
63306
64308
64753
65060
65239
65688
67074
68220
68307
68565
69902
70847
71366
71866
71892
73097
74488
75199
75530
75833
76867
77182
78846
79037
79093
80363
80604
80773
81154
81211
81394
81640
82039
82655
83033
83322
83629
84158
84253
85784
86393
87297
88508
88533
88626
89237
89359
89800
90288
90651
90757
90888
91239
91492
91528
92619
92820
93175
93514
94145
94949
95052
95157
95584
95878
95898
96095
96428
96478
96676
97465
97658
97951
97986
98467
99156
99587
99881
-99857
-99850
-99631
-99355
-99170
-98791
-98744
-98014
-97963
-97429
-96802
-96755
-96257
-96112
-95627
-94074
-92312
-92207
-91252
-91240
-90596
-89744
-88953
-88798
-88709
-87966
-87241
-87010
-86398
-85692
-85656
-85481
-84103
-83755
-83378
-82802
-82286
-81543
-80919
-80212
-79939
-79536
-79006
-78961
-78717
-78370
-77399
-76327
-76226
-75391
-74763
-74199
-73625
-73429
-71773
-71440
-68909
-67507
-67506
-67462
-66994
-66690
-66300
-65983
-65375
-65026
-64862
-63295
-62986
-61586
-60100
-59702
-58604
-58523
-56577
-56141
-55350
-55193
-55058
-54919
-52436
-51820
-50627
-49550
-48816
-47505
-46887
-46316
-45400
-43671
-37901
-37746
-37373
-35394
-35081
-32061
-28662
-28140
-27068
-26609
-26457
-26185
-25124
-23892
-22672
-22052
-20296
-16523
-15801
-14794
-10144
-4264
-4109
-3191
-3176
-963
-49
1300
1566
2182
3979
5301
5511
9327
10661
12203
12608
12626
12956
13375
15132
19411
20448
22007
25312
25459
25700
25933
28677
29721
32257
32809
34753
36567
37748
38707
39788
40042
40613
40957
43068
43381
44848
44916
45533
47516
48274
48893
50338
51004
51077
51277
52138
52245
52691
53344
53946
54118
54317
54919
56081
57575
58477
58693
59060
62820
63320
64122
65280
65332
65804
67021
67115
67617
68403
68791
68933
69156
69404
69825
70366
70764
71223
71829
71843
72014
72338
72866
72927
72930
73032
73097
73104
73913
73968
74298
74647
75254
75835
76540
76964
77117
77543
77935
78050
78779
81528
82059
82114
82169
82283
82912
83353
83606
83863
84159
85108
85461
85491
86503
86825
87485
87514
87555
88170
88205
88634
90701
90747
90878
91116
91419
93382
94257
94658
94887
95564
95629
95637
95831
95911
96121
97072
97077
98208
98839
99386
99625
99955
-627423377
Case #7: -99764
-99343
-99317
-99260
-99057
-99015
-98919
-98862
-98770
-98430
-98221
-97631
-97006
-96958
-96905
-96555
-96500
-96362
-95852
-95752
-95587
-94976
-94595
-94510
-94356
-94349
-94322
-94257
-94179
-93754
-93603
-93128
-92975
-92971
-92747
-92552
-92331
-91605
-91247
-90958
-90847
-90745
-90694
-90264
-89640
-89511
-89123
-89120
-88578
-88436
-88383
-88242
-88007
-87681
-86824
-86671
-86623
-86055
-85750
-85688
-85222
-85182
-85176
-85038
-83927
-83805
-83592
-83335
-82905
-82544
-82194
-81836
-81609
-81440
-81358
-81110
-80240
-79732
-79326
-78950
-78877
-78702
-78610
-78447
-78122
-78056
-77702
-77452
-77324
-77261
-76110
-75656
-75330
-74295
-73595
-73424
-73324
-72955
-72396
-72158
-71969
-71786
-71635
-70660
-70484
-70242
-70022
-69847
-69490
-69317
-69115
-68949
-68674
-68443
-68039
-68005
-67368
-66919
-66520
-66385
-65994
-65919
-65760
-64415
-63092
-59680
-59047
-58845
-58642
-58634
-57893
-57723
-57662
-56754
-56436
-56063
-54949
-54916
-53043
-52499
-51193
-51128
-50594
-50369
-49955
-49819
-48685
-48210
-47372
-46286
-45805
-45681
-45446
-45090
-42045
-41847
-41294
-41010
-38499
-37304
-35862
-35858
-35683
-35492
-33694
-32531
-31168
-30782
-28671
-27935
-27775
-26422
-26396
-24533
-23315
-20533
-14753
-14668
-14153
-12652
-9383
-9282
-7607
-6030
-3610
-3567
-2370
1591
2155
2643
3019
3079
3185
8501
8676
13570
13904
14987
16478
16521
16693
19843
20167
20204
20362
22652
24694
25831
27187
29842
29981
30014
30146
31153
34529
35286
36171
37328
37742
37943
39258
39525
40405
40718
40752
40893
41173
42310
43438
44074
44485
45372
46223
47181
47183
47291
47981
49065
49352
49762
49951
50017
50412
51065
53671
53866
55736
55746
56784
57772
58548
59206
59288
59381
59401
59628
59932
60667
60980
61199
62402
63105
63303
63489
63693
64292
64667
64671
64719
65434
65566
65759
66517
66944
67296
67391
67592
67632
68206
68959
70171
70494
70581
70645
70707
71884
72148
74073
74354
74401
74665
75115
76007
76250
76540
76774
76858
77204
77275
77438
77866
77932
78176
78676
78900
79141
79223
79957
80035
80145
80305
80395
80522
80557
81020
81284
81655
81957
82565
82837
84084
84348
84479
84755
84919
85225
85612
85921
86743
86830
86848
86910
87558
88077
88437
89126
89193
89196
89280
89394
89715
89779
89812
89813
90188
90427
91065
91123
91669
92059
92078
92384
92445
92870
92879
93556
93672
93856
93879
94229
94453
94600
94790
94796
94850
95027
95073
95093
95336
95921
96014
96043
96414
97384
97610
98487
98968
98971
99145
99464
99542
99663
99729
99862
-99870
-99524
-99271
-99075
-98763
-98689
-98668
-98657
-98476
-97983
-97759
-97636
-97514
-97433
-96950
-96892
-96740
-96479
-96448
-95934
-95578
-95557
-95358
-95161
-95085
-95068
-94988
-94917
-94823
-94816
-94728
-94646
-94605
-94396
-94320
-93447
-93443
-93246
-92861
-92700
-92564
-92380
-92335
-92251
-91587
-91055
-90757
-90732
-90147
-89930
-89779
-89340
-89221
-89185
-89081
-88919
-88892
-88128
-87797
-87175
-86999
-86844
-86346
-86284
-86139
-86118
-85781
-85624
-85347
-84589
-84224
-83954
-83619
-83318
-81718
-81654
-81632
-81264
-80144
-78423
-77790
-77724
-77661
-77233
-76951
-76895
-76838
-76728
-76256
-75977
-75899
-75766
-75237
-74730
-74548
-74420
-74311
-74139
-74058
-73225
-72676
-72097
-72031
-71765
-71281
-70843
-70725
-70430
-69007
-68935
-68810
-68748
-68277
-68238
-68053
-67845
-67757
-67318
-67246
-67138
-66733
-65435
-65162
-65058
-64984
-64463
-64307
-61834
-61664
-61580
-61264
-59956
-57570
-57462
-57386
-56706
-56354
-56185
-54891
-54480
-54288
-53866
-53327
-53258
-52992
-51748
-51087
-51033
-50714
-50660
-50491
-49517
-49288
-49207
-47959
-47754
-45912
-45409
-45348
-45201
-45079
-43386
-42998
-38200
-38145
-38061
-34187
-33489
-32655
-31966
-31398
-30296
-29320
-29059
-28777
-27512
-26856
-25828
-25711
-25509
-21989
-20359
-13027
-11932
-11896
-5402
-4494
1672
4928
8482
8696
9712
10068
10268
12366
13129
13512
14143
14448
16350
17092
19179
20038
20242
21044
22422
24468
26480
26635
26699
27569
29165
30609
30793
31366
31398
31848
32166
32287
32749
34846
35274
35784
35986
36005
36715
37326
38982
39767
40136
42129
42137
42770
42790
43065
43882
44613
44653
44870
45032
46442
46871
47492
47614
47829
48542
48546
48724
48969
50325
51189
51281
51419
51424
51560
52314
53970
54286
54903
55131
55338
55722
56692
57088
58260
58400
58501
59602
59686
60690
61272
61320
61940
62093
62130
63680
63909
64029
64696
65811
66947
67399
67402
68206
69437
69487
69516
69941
70133
70405
70468
70768
71350
71479
71675
72003
72156
72915
72974
73666
73898
74275
74509
75142
75290
75422
75425
75650
75932
76551
77445
77469
77491
77705
77736
77794
77795
77967
78146
78319
79001
80253
80294
81015
81279
81279
81391
81434
81519
81714
82817
84370
84493
85058
85319
85596
85692
85878
86091
86455
86538
87252
87861
88210
88419
88672
88987
88999
89168
89708
89937
90373
90401
91227
91242
91465
92000
92546
92769
92913
92930
93131
93408
93495
93540
94323
94508
95029
95657
96147
96491
96548
96776
96936
97506
97602
97659
97684
98177
99049
99178
99598
99617
99621
-1594352757
Case #8: -99911
-99499
-99313
-98752
-98499
-98343
-98295
-97619
-97415
-97315
-97006
-96691
-96342
-95961
-95752
-95665
-95232
-95192
-95072
-94846
-93794
-93663
-93054
-93048
-92858
-92694
-92404
-92030
-91716
-91519
-91120
-90750
-90444
-90145
-89027
-88822
-88799
-88369
-86671
-86619
-86492
-86364
-85956
-85742
-84275
-83818
-83324
-82216
-82185
-81935
-81819
-81731
-81432
-81375
-81279
-81102
-80893
-80673
-80219
-79555
-79150
-78867
-78047
-77831
-77750
-77690
-77461
-77314
-76985
-76898
-76699
-75940
-75875
-74947
-74258
-74104
-73994
-73589
-73491
-72276
-72027
-71663
-70980
-70856
-70698
-70365
-70275
-70013
-69690
-69484
-69345
-69156
-69011
-68945
-68827
-68777
-68444
-67533
-67247
-66551
-66353
-66019
-65814
-65465
-65044
-65036
-64888
-64867
-64827
-64515
-64109
-63870
-63788
-63396
-63353
-61947
-61678
-61510
-61020
-60941
-60565
-59768
-57863
-57728
-57221
-56790
-56736
-56006
-55900
-55040
-54662
-54540
-54362
-54264
-54027
-53747
-53551
-53288
-53067
-53055
-52846
-52354
-52225
-51622
-51433
-51187
-51069
-50651
-50639
-50573
-50190
-49919
-49865
-49563
-48866
-48747
-48737
-48550
-48544
-48301
-47725
-47692
-47566
-47319
-46349
-46127
-45967
-45844
-45410
-44292
-44155
-43719
-43627
-42974
-42687
-42383
-41240
-40727
-40565
-40097
-39839
-39362
-38525
-38307
-38233
-37635
-37462
-37148
-36752
-36578
-36529
-36102
-36091
-36048
-35955
-35608
-35535
-35251
-34881
-34572
-34547
-33692
-33684
-33674
-33397
-32390
-31394
-31332
-31107
-30340
-29224
-28405
-27721
-27098
-26945
-26678
-24857
-24433
-24397
-24245
-23964
-23197
-23173
-23050
-22263
-21600
-21565
-21047
-20510
-20290
-19562
-19467
-18977
-18846
-18571
-18483
-17798
-16897
-16107
-15999
-15980
-15704
-14900
-13970
-13747
-13223
-12498
-12327
-12156
-11580
-11546
-11103
-11077
-11007
-10739
-10519
-10452
-10032
-9606
-9590
-9570
-9267
-9188
-7913
-7838
-7825
-7791
-7734
-7113
-6717
-6108
-6090
-5238
-4952
-4937
-4809
-3371
-3265
-2990
-2231
-1447
-1422
-503
-13
112
409
1281
1587
1637
1911
2003
3490
3523
3890
4104
4753
4986
4988
5302
5546
6254
6711
7186
7294
7813
7955
8259
8297
9188
9306
9325
9342
9602
9610
10156
10469
10676
11109
11230
12802
13286
13985
14002
14045
14243
14402
14545
15519
17030
17296
17444
17905
19584
19717
20493
20705
21273
22527
22628
22718
23134
23141
23234
24560
24989
25433
25675
26952
27283
27468
27779
27967
28495
30149
30392
30580
31109
31148
31276
31337
31708
31739
31780
31932
32190
32699
33524
33958
34435
34753
35152
35373
35599
35656
35840
36319
36577
37140
37427
37733
38007
38158
38453
38589
38907
39187
39444
39644
40100
40578
41272
42043
42620
43402
43696
43861
43960
44560
44867
45097
45889
45952
46050
46295
46320
46479
46682
46864
47150
47171
47744
48066
48239
49059
49085
49223
49312
49751
49912
49918
50106
52058
52475
52520
52912
53108
53128
53464
53908
53935
53957
54200
55506
55518
56129
56316
56681
56882
56897
57054
57103
57284
57314
57320
57351
57473
58239
58526
59159
59190
59385
59604
59664
60004
60293
60560
61301
61333
61690
62544
63718
64537
64556
65234
65631
65860
65922
65936
66112
66716
66997
67333
67668
68019
68650
68734
69118
69489
69649
70258
70294
70923
71742
71876
72058
72170
72475
72541
72645
72749
73074
73643
73669
74401
74895
75265
76282
76583
77126
77269
77592
78149
78274
78375
78549
78879
79346
79482
79716
79891
80466
80806
81141
81155
82048
82814
83398
83539
83888
84224
84267
84442
85091
85709
86297
86383
86937
87014
87412
87837
88339
89117
89304
89677
89769
90026
90168
90234
90321
90437
90466
90619
90881
91732
92398
92612
92915
93355
93728
94443
94860
95013
95205
95300
95375
95422
96051
96081
97490
99474
99621
99713
-99989
-99952
-99497
-99144
-99045
-98900
-98860
-98382
-97499
-97261
-97230
-97219
-96744
-96593
-96555
-96328
-96327
-96059
-95694
-95545
-95373
-95136
-95134
-94613
-94578
-94529
-93115
-93037
-92565
-92551
-91928
-91772
-91726
-91562
-91376
-91361
-91032
-90125
-89327
-89292
-89215
-88729
-88493
-88334
-87419
-87001
-86770
-86768
-86405
-85323
-84426
-84297
-83819
-83142
-82897
-82732
-82528
-82328
-82201
-81747
-80249
-80098
-79820
-78922
-78922
-78515
-78017
-77514
-77513
-77203
-76971
-76188
-75960
-75042
-74706
-74368
-74347
-74270
-74266
-74231
-74002
-73972
-73334
-73123
-72983
-72582
-72535
-71341
-70068
-69146
-68771
-67643
-67412
-67269
-67169
-66901
-66443
-66131
-65965
-65960
-65833
-65452
-64140
-63803
-63659
-63489
-63218
-61979
-61863
-61682
-60922
-60221
-59874
-59543
-59261
-59114
-58462
-58322
-58176
-57721
-57676
-57348
-56184
-54963
-54558
-54323
-53848
-53763
-53714
-53558
-52943
-52574
-52345
-51883
-51706
-51005
-51000
-50876
-50524
-50092
-49886
-49431
-49028
-49025
-47531
-47410
-47359
-47026
-47001
-46893
-46695
-46261
-44382
-43386
-43169
-42940
-42545
-42504
-42370
-42241
-42070
-41810
-40953
-40935
-40670
-40654
-40620
-40471
-40055
-39849
-39671
-39564
-39357
-38488
-37989
-37922
-37639
-37102
-37091
-36929
-36523
-36347
-35534
-35170
-34859
-34621
-34483
-34428
-33928
-33670
-33618
-33467
-33383
-32907
-32759
-32093
-31963
-31954
-31630
-31269
-30569
-30492
-30312
-29997
-29717
-28728
-27369
-27173
-26875
-26566
-26450
-25128
-25045
-25025
-24562
-24031
-23213
-22883
-22604
-22425
-21408
-21199
-20512
-20423
-20319
-20263
-19821
-19594
-19310
-19172
-18893
-18437
-18157
-18129
-17962
-17782
-16208
-15678
-15354
-14985
-14309
-13653
-12921
-12847
-12489
-12469
-12443
-12076
-12071
-11977
-11609
-11046
-10827
-10360
-10157
-9752
-9722
-8895
-8853
-8736
-8556
-8410
-7902
-7826
-7746
-7723
-7702
-7445
-7249
-6968
-6949
-6828
-6810
-6648
-5757
-5444
-5086
-5061
-4754
-4678
-3892
-3818
-3273
-3158
-2511
-1974
-1948
-1744
-1741
-824
-674
361
1592
2414
3672
3808
4071
4193
4368
5345
5692
5966
6444
6516
6572
7086
7267
7867
7983
8503
9218
9259
9540
9690
9797
10031
10556
11264
11405
11621
11665
11800
11890
11990
11999
12233
12238
12711
13188
13340
13620
13951
14879
14999
15001
15558
15930
16086
16443
16587
16615
16894
16986
17011
17105
17125
17212
17324
17803
18440
18469
18496
18727
18844
19264
19508
19978
20205
21089
22211
22615
22840
23024
23828
23852
24593
25203
25548
26160
26255
26283
27254
27427
28931
28974
29493
29652
29909
29957
30363
30531
30899
30973
31616
31713
33002
33190
33637
34186
34697
34966
35273
35667
36364
36508
36540
36915
36940
37511
38343
38636
39098
39295
40255
40615
40621
40730
41367
41623
42011
42481
42483
43389
43459
44635
45171
45443
45751
45909
46891
47489
47521
47767
48576
48902
49332
49432
49456
49473
49822
50309
50309
50814
51136
52024
52288
52979
53042
53582
53762
53820
53851
54315
54500
54819
54919
54927
55110
55549
55788
55853
56129
56183
56732
56833
56899
57227
57676
57811
57850
58519
59252
61264
61724
61740
61925
62228
62494
62519
64268
65076
65914
66388
66642
67067
67088
67124
67291
67313
68020
68066
68314
68362
68539
68559
68666
70211
71103
71203
71840
72024
72496
72667
72672
72740
73464
73549
73789
74420
74626
75296
75430
75541
76504
77343
77773
77982
78037
79386
79962
80197
80291
81093
81197
81691
82560
82876
83144
83432
83723
83930
84613
85934
86025
86311
86346
87543
87725
88267
88270
88393
88812
88989
89025
89247
89557
90413
90895
91756
92187
92292
92811
93023
93060
93463
94895
95159
95743
95888
96820
97295
97447
98387
98495
98827
99037
99104
99619
99698
99873
99923
99984
1208215078
Case #9: -99964
-99892
-99804
-99424
-99303
-99176
-99092
-98930
-98882
-98777
-98652
-98630
-98619
-98495
-98426
-98369
-98064
-97951
-97933
-97396
-97376
-97177
-97024
-96966
-96954
-96914
-96853
-96809
-96772
-96633
-96262
-96209
-96092
-96005
-96004
-95683
-95664
-95300
-95293
-95241
-95215
-95192
-95184
-94911
-94847
-94567
-94230
-94181
-93985
-93985
-93962
-93701
-93649
-93565
-93531
-93442
-93307
-93199
-93165
-93155
-93076
-92968
-92943
-92684
-92588
-92588
-92514
-92471
-92391
-92050
-92048
-91336
-91307
-91277
-91211
-91037
-90971
-90905
-90773
-90089
-89646
-89600
-89582
-89459
-89347
-89225
-89155
-89074
-88935
-88826
-88772
-88729
-88718
-88531
-88261
-88161
-88141
-87940
-87745
-87666
-87388
-87368
-87249
-87099
-87061
-86784
-86697
-86591
-86462
-86349
-86281
-86238
-86156
-85979
-85791
-85450
-85243
-85120
-85104
-84951
-84687
-84687
-84544
-84353
-84205
-83940
-83700
-83695
-83362
-83315
-83293
-83099
-83000
-82994
-82911
-82524
-82478
-82448
-82362
-82260
-82048
-81759
-81418
-81179
-81092
-80814
-80806
-80665
-80663
-80640
-80636
-80452
-80023
-79865
-79815
-79665
-79619
-79380
-79188
-78789
-78781
-78708
-78016
-77976
-77803
-77139
-76975
-76939
-76840
-76476
-76299
-76027
-75994
-75957
-75943
-75767
-75515
-74856
-74792
-74784
-74388
-73775
-73736
-73667
-73549
-73155
-73105
-72910
-72776
-72774
-72714
-72278
-72106
-71787
-71640
-71562
-71457
-71315
-71198
-71183
-71077
-70951
-70241
-70015
-69318
-69119
-69051
-68986
-68777
-67750
-67657
-67220
-66960
-66812
-66658
-66649
-66221
-65986
-65788
-65500
-65354
-65296
-65200
-65172
-65143
-64705
-64615
-64602
-64482
-64375
-64322
-64020
-63604
-63170
-63078
-63027
-62695
-62324
-62184
-62154
-62070
-62001
-61724
-61429
-61117
-61100
-60648
-60640
-60613
-60116
-59673
-59660
-59183
-58975
-58824
-58787
-58691
-58680
-58622
-58428
-58426
-58329
-57829
-57056
-56943
-56868
-56610
-56550
-56455
-55483
-54986
-54952
-54265
-54158
-54091
-53764
-53500
-53287
-52688
-52532
-52098
-52042
-51941
-51863
-51784
-51241
-51122
-51104
-50816
-50732
-50469
-49754
-49622
-49558
-49203
-48568
-47806
-47749
-47551
-47516
-46647
-45838
-45508
-45244
-44577
-44551
-43990
-43881
-43251
-42896
-42519
-42078
-40693
-40534
-40423
-40121
-40055
-39705
-39520
-39223
-38968
-38256
-38096
-38060
-37218
-37113
-36671
-35728
-34942
-34615
-34179
-33676
-32799
-32609
-31679
-31090
-30986
-30618
-30478
-30135
-29964
-28914
-27787
-27207
-26819
-26740
-26655
-26513
-26322
-25220
-23827
-22887
-22868
-21959
-20787
-19930
-18760
-18043
-17978
-16729
-16271
-16212
-16120
-15636
-14321
-12898
-12099
-11709
-11173
-10980
-10574
-10065
-9843
-8706
-7170
-6747
-6474
-6232
-5933
-3592
-3318
-2785
-1213
-1160
-503
1034
1056
1388
3329
3754
5056
5223
6956
8591
9415
9493
9499
9875
9915
9972
10038
10877
11154
11277
11548
13622
14503
15295
15303
15393
18831
20005
21875
22593
22937
22965
22989
23354
23395
23481
23499
24519
24555
25047
25177
25231
25275
26250
27238
27441
27697
28408
28502
28508
29150
29381
29391
29695
30017
31259
32477
32755
33297
33758
34122
34928
35016
35378
35582
35669
35794
35872
36497
36523
36584
37431
37569
37780
37832
38058
38195
38220
39235
39428
39495
39547
39728
39743
39899
39997
40183
40464
40734
40945
41014
41124
41185
41363
41633
42704
43384
43436
43887
44066
44137
44607
45067
45406
45815
46715
47532
47765
47859
48425
48802
49178
49431
49527
49555
50663
50774
50990
51337
51337
51705
51850
51963
52635
53655
53670
54064
54073
54181
54207
54239
55021
55131
55293
55459
55492
55867
55900
56160
56614
56647
56860
56916
57228
57417
57860
58352
59052
59508
59783
60063
60406
60643
60903
61297
61323
61657
61678
61830
62168
62248
62464
62652
62934
63405
63566
63980
64256
64415
64679
64770
65035
65064
65365
65441
65785
66164
66630
67016
67085
67111
68086
68244
68251
68392
68490
68873
69155
69320
69613
69721
69732
69789
70251
70445
70927
71180
71201
71257
71267
71291
71378
71724
71873
72432
72490
72635
72685
73475
73905
73950
73970
73992
74031
74097
74134
74141
74355
74480
74690
74708
75069
75154
75162
75181
75368
75375
75433
76111
76568
76646
76726
76782
76804
76938
77247
77260
77337
77437
77465
77556
77626
77923
77986
77991
78092
78114
78147
78215
78402
78434
78514
78786
78874
79077
79219
79293
79521
79708
79722
79841
80185
80230
80319
80361
80508
80536
80635
80829
81300
81403
81531
81683
81739
81802
81818
81938
81987
82156
82261
82411
82695
83222
83227
83240
83252
83427
83564
83676
83781
83949
84116
84349
84503
84503
84578
84650
84717
84895
84922
85125
85241
85270
85429
85522
85685
85701
85717
85735
85900
85956
86226
86270
86357
86708
86743
87149
87484
87556
87620
87713
88113
88356
88798
89116
89126
89170
89195
89222
89236
89304
89307
89588
89741
89771
89830
89853
89983
89985
90076
90123
90263
90399
90587
90838
91062
91130
91330
91504
91544
91847
91936
92037
92038
92068
92524
92955
93012
93434
93442
93592
93849
94104
94292
94327
94456
94608
94649
94962
94981
95099
95141
95281
95567
95794
96010
96098
96288
96342
96356
96480
96526
96575
96729
96976
97225
97278
97297
97593
97776
97915
97950
98045
98216
98413
98499
98584
98775
98826
99220
99403
99427
99495
99673
99775
99777
99867
-99887
-99849
-99702
-99587
-99507
-99442
-99376
-99197
-99034
-98945
-98843
-98779
-98740
-98723
-98708
-98626
-98453
-98072
-98027
-97902
-97886
-97626
-97596
-97568
-97566
-97498
-97427
-97420
-97409
-97274
-97142
-97055
-96963
-96811
-96740
-96715
-96593
-96537
-96401
-96326
-96241
-96194
-95998
-95985
-95956
-95950
-95811
-95534
-95104
-94952
-94922
-94854
-94787
-94440
-94421
-94311
-94144
-94076
-93971
-93823
-93700
-93404
-93263
-93167
-92961
-92955
-92659
-92651
-92599
-92007
-91918
-91465
-91359
-91243
-91094
-90990
-90656
-90595
-90416
-90393
-89526
-89511
-89457
-89410
-89056
-88990
-88939
-88849
-88830
-88751
-88713
-88694
-88689
-88554
-88064
-88050
-88028
-87750
-87682
-87507
-87485
-87484
-87447
-87444
-87431
-87368
-87237
-86969
-86573
-86401
-86194
-85939
-85919
-85877
-85404
-85377
-85196
-85158
-85132
-85067
-85054
-84505
-84195
-83864
-83754
-83540
-83280
-83254
-83159
-83140
-82851
-82831
-82823
-82765
-82621
-82615
-82452
-82399
-82142
-81447
-80933
-80904
-80863
-80737
-80462
-80325
-80143
-80128
-80112
-80101
-80025
-79954
-79900
-79898
-79797
-79663
-79627
-79579
-79511
-79474
-79386
-79151
-78973
-78887
-78864
-78575
-78416
-78277
-78276
-78257
-78252
-77961
-77907
-77812
-77753
-77661
-77544
-77532
-77312
-77297
-76856
-76816
-76602
-76560
-76518
-76428
-76307
-75968
-75865
-75691
-75686
-75629
-75589
-75322
-75080
-74557
-73859
-73650
-73553
-73411
-73073
-72471
-72147
-71905
-71797
-71648
-71560
-71260
-71026
-70444
-70190
-70069
-70057
-69975
-69799
-69743
-68896
-68644
-68274
-68014
-67844
-67512
-67391
-67362
-66972
-66477
-66248
-66118
-65943
-65747
-65673
-65288
-65182
-65072
-64945
-64634
-64404
-63969
-63806
-63720
-63639
-63566
-63521
-63229
-63138
-63134
-62940
-62524
-62510
-62353
-62295
-61710
-61597
-61314
-61310
-61238
-61012
-60294
-60193
-60045
-60043
-59877
-59117
-58750
-58242
-57422
-56440
-56149
-56068
-55974
-55168
-54344
-54135
-53804
-53520
-53087
-52316
-52311
-52139
-51880
-51759
-51341
-50356
-50096
-50092
-49830
-49472
-49089
-49025
-48940
-48809
-48795
-48743
-47393
-47316
-47100
-46690
-46351
-45887
-45627
-45451
-45301
-45158
-44665
-44327
-43425
-42751
-41852
-41542
-41254
-41039
-40750
-39188
-38327
-37612
-37307
-36739
-36507
-36138
-36017
-35482
-35013
-34570
-33948
-33188
-33181
-33011
-32747
-32608
-32183
-31766
-31615
-31557
-31446
-30549
-30308
-29896
-29511
-29203
-27969
-27490
-27276
-27243
-26658
-26314
-26292
-26278
-24601
-24374
-24069
-23858
-23307
-22985
-21566
-21025
-20641
-20277
-20118
-19947
-18379
-16491
-14626
-14615
-13776
-13475
-12042
-11873
-11630
-10944
-10397
-8691
-8146
-7464
-6627
-6568
-5294
-4685
-4361
-3831
-3772
-3133
-2188
-1988
-530
3243
3457
5361
5475
6490
9239
9578
10786
11379
12606
13533
14300
15008
15017
15069
15514
15524
15919
18432
18690
18983
19044
20385
20899
20985
21418
23223
23278
23823
24243
24737
25810
26190
26367
27777
28204
28683
29073
29133
29167
29595
29605
30598
31147
31223
31839
32314
32879
33550
33552
33688
34300
36081
38480
38768
39131
39553
40924
41133
41199
41307
41345
41630
42065
42662
42742
43270
43304
43566
44371
46072
46277
46436
46577
47026
48287
48346
48963
49384
49431
49448
49723
50107
50245
50404
50739
51302
51466
51683
52299
52399
52441
52467
52803
53331
53640
53990
54230
54491
54766
54921
54938
55195
55296
55751
55795
56215
56369
57246
57425
57690
58487
58658
58806
58895
59141
59296
59787
59955
60195
60521
60876
61346
61347
61398
61401
61636
61756
62235
62269
62973
63104
63115
63303
63499
63515
63835
63866
63883
64233
64534
64584
65056
65267
65927
65959
65989
66131
66185
66324
66874
66991
67492
67580
67647
67799
68140
68163
68295
68653
68945
69060
69191
69203
69208
69267
69268
69315
69405
69462
69482
70158
70324
70514
70543
70862
71003
71045
71448
71590
71904
71943
72407
72411
72501
72935
72994
73163
73412
73573
73719
73723
73845
74115
74219
74241
74307
74398
74468
74716
74778
75078
75322
75376
75539
75580
75689
75740
75745
75858
76024
76102
76123
76136
76440
76631
76699
76733
76897
76939
77138
77184
77231
77473
77517
77639
77683
78014
78071
78218
78413
78653
78699
78784
79181
79186
79307
79357
79487
79639
79670
79856
80104
80165
80188
80209
80500
80536
80542
81201
81324
81430
81446
81683
81700
82194
82409
82591
82661
82754
82755
82786
82803
82885
83121
83264
83292
83800
84231
84672
84713
85102
85150
85320
85407
85877
86071
86323
86374
86529
87062
87176
87648
87739
87958
87965
88605
88623
88771
88886
88920
88943
89046
89179
89211
89217
89259
89399
89533
89677
89741
89820
89894
89922
89937
89993
90052
90086
90157
90202
90206
90265
90311
90347
90662
91187
91266
91268
91314
91316
91549
91575
91592
91744
91935
92100
92283
92310
92314
92406
92514
92589
92632
92891
92958
92965
93001
93268
93605
93797
93859
93940
94264
94272
94288
94511
94601
94687
94957
94962
95006
95074
95096
95127
95145
95145
95286
95379
95389
95446
95691
96056
96105
96309
96314
96344
96448
96532
96536
96583
96624
96653
96825
96971
97005
97018
97065
97153
97338
97571
97621
97901
97961
98134
98135
98323
98409
98437
98495
98636
98707
98746
98794
98940
99056
99072
99179
99194
99233
99296
99528
99614
99653
99682
99718
99748
99864
1325434972
Case #10: -99876
-98808
-98614
-98610
-96644
-96318
-96175
-96089
-95873
-95784
-95475
-95287
-94982
-94765
-92783
-92291
-91733
-91164
-91159
-91004
-91003
-90286
-87997
-85542
-85380
-80485
-78198
-76324
-76304
-74513
-72758
-72516
-70699
-69063
-68623
-68571
-68377
-68284
-68268
-66122
-65651
-65050
-64867
-63652
-61512
-61192
-59457
-58761
-57880
-56513
-54563
-54484
-50439
-49963
-48729
-47671
-46211
-43401
-41831
-41704
-39139
-37839
-37124
-37034
-36272
-35697
-31474
-26971
-25010
-24105
-18907
-17344
-17295
-9051
-7880
-3940
-3461
-3015
-2282
3015
3124
14033
16284
16381
23257
23355
23381
25143
28695
29825
36127
39004
39034
40310
40341
42816
43878
43966
44322
47384
47442
48160
48530
52609
53040
56446
59154
59690
60207
60796
62051
62179
62893
63974
65266
65610
65965
66456
66522
68388
69163
73267
73339
73604
74791
76687
76833
76988
77668
78407
79181
80099
80616
83227
83738
83795
83870
84539
84557
84743
84982
85203
85932
86450
86504
87171
88135
88583
88732
89458
91075
91247
91577
91716
92479
94008
94162
94391
94689
94963
95137
95543
96221
96934
97521
97748
97809
98268
98354
99232
-99523
-99027
-98863
-98353
-94545
-94493
-94307
-94169
-93835
-92301
-91673
-90700
-89366
-89268
-87857
-87837
-87394
-87236
-86095
-85904
-85754
-81134
-80926
-80914
-80228
-79775
-78195
-78055
-77333
-77114
-76835
-75878
-75664
-75276
-74900
-74604
-74017
-73873
-73537
-73117
-72970
-72260
-71484
-71222
-70291
-68439
-67842
-67579
-67565
-67206
-66497
-66484
-66404
-66335
-64815
-64301
-63595
-62792
-62176
-61678
-54492
-53285
-53145
-52610
-47591
-43843
-42351
-40902
-40793
-37910
-37891
-37711
-36587
-30232
-29226
-29054
-21128
-20687
-18650
-17807
-17163
-12345
-10737
-4502
-3467
-1071
-565
2842
4452
5566
10018
13451
22285
22728
24445
25280
30031
30495
34046
35072
36238
36268
37538
38374
46276
47556
47843
47979
52372
52557
57575
57964
59817
62680
63090
63136
63807
63941
65020
66145
67424
68141
68752
69895
70052
70127
70720
71068
73831
75696
76364
76864
77229
78055
78497
79215
80060
80788
81190
82555
83102
83389
84203
84524
85177
85484
86980
87124
89368
89721
91786
92125
92169
92534
92534
92553
92734
93586
93713
94313
94333
96248
97013
97015
97598
98225
98688
99784
99921
99977
-1264828651
